<?xml version="1.0" encoding="UTF-8"?>
<testsuite name="test.java.is.task.TicTacToe.ComputerPlayerTest" tests="3" skipped="0" failures="0" errors="0" timestamp="2015-11-02T17:17:10" hostname="i-7f3b5dd9.csd07cloud.internal" time="0.002">
  <properties/>
  <testcase name="testIfMoveIsInRange" classname="test.java.is.task.TicTacToe.ComputerPlayerTest" time="0.0"/>
  <testcase name="testZeroScoreAtStart" classname="test.java.is.task.TicTacToe.ComputerPlayerTest" time="0.0"/>
  <testcase name="testPlayerMark" classname="test.java.is.task.TicTacToe.ComputerPlayerTest" time="0.0"/>
  <system-out><![CDATA[]]></system-out>
  <system-err><![CDATA[]]></system-err>
</testsuite>
