<?xml version="1.0" encoding="UTF-8"?>
<testsuite name="test.java.is.task.TicTacToe.SquareTest" tests="7" skipped="0" failures="0" errors="0" timestamp="2015-11-02T17:17:10" hostname="i-7f3b5dd9.csd07cloud.internal" time="0.004">
  <properties/>
  <testcase name="testSetMarked_IsMarkedIsTrue_returnTrue" classname="test.java.is.task.TicTacToe.SquareTest" time="0.0"/>
  <testcase name="testGetSquareNumber_SquareEmpty_returnZero" classname="test.java.is.task.TicTacToe.SquareTest" time="0.001"/>
  <testcase name="testSetCurrentSquareMark_CurrentSquareMarkIsO_returnO" classname="test.java.is.task.TicTacToe.SquareTest" time="0.001"/>
  <testcase name="testSetSquareNumber_SquareNumberIsOne_returnOne" classname="test.java.is.task.TicTacToe.SquareTest" time="0.001"/>
  <testcase name="testSetCurrentSquareMark_CurrentSquareMarkIsX_returnX" classname="test.java.is.task.TicTacToe.SquareTest" time="0.0"/>
  <testcase name="testGetCurrentSquareMark_SquareEmpty_returnDash" classname="test.java.is.task.TicTacToe.SquareTest" time="0.0"/>
  <testcase name="testGetMarked_SquareEmpty_returnFalse" classname="test.java.is.task.TicTacToe.SquareTest" time="0.0"/>
  <system-out><![CDATA[]]></system-out>
  <system-err><![CDATA[]]></system-err>
</testsuite>
